<?xml version="1.0" encoding="UTF-8"?>
<testsuite name="com.dota2.displayDota.DisplayDotaApplicationTests" tests="1" skipped="0" failures="0" errors="0" timestamp="2019-07-25T00:44:15" hostname="DESKTOP-ERO5K1V" time="0.229">
  <properties/>
  <testcase name="contextLoads" classname="com.dota2.displayDota.DisplayDotaApplicationTests" time="0.229"/>
  <system-out><![CDATA[19:44:13.341 [Test worker] DEBUG org.springframework.test.context.junit4.SpringJUnit4ClassRunner - SpringJUnit4ClassRunner constructor called with [class com.dota2.displayDota.DisplayDotaApplicationTests]
19:44:13.351 [Test worker] DEBUG org.springframework.test.context.BootstrapUtils - Instantiating CacheAwareContextLoaderDelegate from class [org.springframework.test.context.cache.DefaultCacheAwareContextLoaderDelegate]
19:44:13.361 [Test worker] DEBUG org.springframework.test.context.BootstrapUtils - Instantiating BootstrapContext using constructor [public org.springframework.test.context.support.DefaultBootstrapContext(java.lang.Class,org.springframework.test.context.CacheAwareContextLoaderDelegate)]
19:44:13.380 [Test worker] DEBUG org.springframework.test.context.BootstrapUtils - Instantiating TestContextBootstrapper for test class [com.dota2.displayDota.DisplayDotaApplicationTests] from class [org.springframework.boot.test.context.SpringBootTestContextBootstrapper]
19:44:13.394 [Test worker] INFO org.springframework.boot.test.context.SpringBootTestContextBootstrapper - Neither @ContextConfiguration nor @ContextHierarchy found for test class [com.dota2.displayDota.DisplayDotaApplicationTests], using SpringBootContextLoader
19:44:13.397 [Test worker] DEBUG org.springframework.test.context.support.AbstractContextLoader - Did not detect default resource location for test class [com.dota2.displayDota.DisplayDotaApplicationTests]: class path resource [com/dota2/displayDota/DisplayDotaApplicationTests-context.xml] does not exist
19:44:13.398 [Test worker] DEBUG org.springframework.test.context.support.AbstractContextLoader - Did not detect default resource location for test class [com.dota2.displayDota.DisplayDotaApplicationTests]: class path resource [com/dota2/displayDota/DisplayDotaApplicationTestsContext.groovy] does not exist
19:44:13.398 [Test worker] INFO org.springframework.test.context.support.AbstractContextLoader - Could not detect default resource locations for test class [com.dota2.displayDota.DisplayDotaApplicationTests]: no resource found for suffixes {-context.xml, Context.groovy}.
19:44:13.398 [Test worker] INFO org.springframework.test.context.support.AnnotationConfigContextLoaderUtils - Could not detect default configuration classes for test class [com.dota2.displayDota.DisplayDotaApplicationTests]: DisplayDotaApplicationTests does not declare any static, non-private, non-final, nested classes annotated with @Configuration.
19:44:13.442 [Test worker] DEBUG org.springframework.test.context.support.ActiveProfilesUtils - Could not find an 'annotation declaring class' for annotation type [org.springframework.test.context.ActiveProfiles] and class [com.dota2.displayDota.DisplayDotaApplicationTests]
19:44:13.517 [Test worker] DEBUG org.springframework.context.annotation.ClassPathScanningCandidateComponentProvider - Identified candidate component class: file [C:\Users\Micah Mogler\Desktop\Dev\displayDota\build\classes\java\main\com\dota2\displayDota\DisplayDotaApplication.class]
19:44:13.519 [Test worker] INFO org.springframework.boot.test.context.SpringBootTestContextBootstrapper - Found @SpringBootConfiguration com.dota2.displayDota.DisplayDotaApplication for test class com.dota2.displayDota.DisplayDotaApplicationTests
19:44:13.627 [Test worker] DEBUG org.springframework.boot.test.context.SpringBootTestContextBootstrapper - @TestExecutionListeners is not present for class [com.dota2.displayDota.DisplayDotaApplicationTests]: using defaults.
19:44:13.628 [Test worker] INFO org.springframework.boot.test.context.SpringBootTestContextBootstrapper - Loaded default TestExecutionListener class names from location [META-INF/spring.factories]: [org.springframework.boot.test.autoconfigure.restdocs.RestDocsTestExecutionListener, org.springframework.boot.test.autoconfigure.web.client.MockRestServiceServerResetTestExecutionListener, org.springframework.boot.test.autoconfigure.web.servlet.MockMvcPrintOnlyOnFailureTestExecutionListener, org.springframework.boot.test.autoconfigure.web.servlet.WebDriverTestExecutionListener, org.springframework.boot.test.mock.mockito.MockitoTestExecutionListener, org.springframework.boot.test.mock.mockito.ResetMocksTestExecutionListener, org.springframework.test.context.web.ServletTestExecutionListener, org.springframework.test.context.support.DirtiesContextBeforeModesTestExecutionListener, org.springframework.test.context.support.DependencyInjectionTestExecutionListener, org.springframework.test.context.support.DirtiesContextTestExecutionListener, org.springframework.test.context.transaction.TransactionalTestExecutionListener, org.springframework.test.context.jdbc.SqlScriptsTestExecutionListener]
19:44:13.641 [Test worker] DEBUG org.springframework.boot.test.context.SpringBootTestContextBootstrapper - Skipping candidate TestExecutionListener [org.springframework.test.context.transaction.TransactionalTestExecutionListener] due to a missing dependency. Specify custom listener classes or make the default listener classes and their required dependencies available. Offending class: [org/springframework/transaction/interceptor/TransactionAttributeSource]
19:44:13.641 [Test worker] DEBUG org.springframework.boot.test.context.SpringBootTestContextBootstrapper - Skipping candidate TestExecutionListener [org.springframework.test.context.jdbc.SqlScriptsTestExecutionListener] due to a missing dependency. Specify custom listener classes or make the default listener classes and their required dependencies available. Offending class: [org/springframework/transaction/interceptor/TransactionAttribute]
19:44:13.642 [Test worker] INFO org.springframework.boot.test.context.SpringBootTestContextBootstrapper - Using TestExecutionListeners: [org.springframework.test.context.web.ServletTestExecutionListener@7c8f168e, org.springframework.test.context.support.DirtiesContextBeforeModesTestExecutionListener@5dbd8f9e, org.springframework.boot.test.mock.mockito.MockitoTestExecutionListener@95b5ecd, org.springframework.boot.test.autoconfigure.SpringBootDependencyInjectionTestExecutionListener@60ef4840, org.springframework.test.context.support.DirtiesContextTestExecutionListener@645019b5, org.springframework.boot.test.autoconfigure.restdocs.RestDocsTestExecutionListener@5520bbde, org.springframework.boot.test.autoconfigure.web.client.MockRestServiceServerResetTestExecutionListener@65e2a81, org.springframework.boot.test.autoconfigure.web.servlet.MockMvcPrintOnlyOnFailureTestExecutionListener@1ce9df42, org.springframework.boot.test.autoconfigure.web.servlet.WebDriverTestExecutionListener@7810e0db, org.springframework.boot.test.mock.mockito.ResetMocksTestExecutionListener@28be4a4c]
19:44:13.645 [Test worker] DEBUG org.springframework.test.annotation.ProfileValueUtils - Retrieved @ProfileValueSourceConfiguration [null] for test class [com.dota2.displayDota.DisplayDotaApplicationTests]
19:44:13.646 [Test worker] DEBUG org.springframework.test.annotation.ProfileValueUtils - Retrieved ProfileValueSource type [class org.springframework.test.annotation.SystemProfileValueSource] for class [com.dota2.displayDota.DisplayDotaApplicationTests]
19:44:13.646 [Test worker] DEBUG org.springframework.test.annotation.ProfileValueUtils - Retrieved @ProfileValueSourceConfiguration [null] for test class [com.dota2.displayDota.DisplayDotaApplicationTests]
19:44:13.647 [Test worker] DEBUG org.springframework.test.annotation.ProfileValueUtils - Retrieved ProfileValueSource type [class org.springframework.test.annotation.SystemProfileValueSource] for class [com.dota2.displayDota.DisplayDotaApplicationTests]
19:44:13.652 [Test worker] DEBUG org.springframework.test.context.support.AbstractDirtiesContextTestExecutionListener - Before test class: context [DefaultTestContext@353c912a testClass = DisplayDotaApplicationTests, testInstance = [null], testMethod = [null], testException = [null], mergedContextConfiguration = [WebMergedContextConfiguration@4f92a093 testClass = DisplayDotaApplicationTests, locations = '{}', classes = '{class com.dota2.displayDota.DisplayDotaApplication}', contextInitializerClasses = '[]', activeProfiles = '{}', propertySourceLocations = '{}', propertySourceProperties = '{org.springframework.boot.test.context.SpringBootTestContextBootstrapper=true}', contextCustomizers = set[org.springframework.boot.test.autoconfigure.properties.PropertyMappingContextCustomizer@0, org.springframework.boot.test.autoconfigure.web.servlet.WebDriverContextCustomizerFactory$Customizer@59c3ced9, org.springframework.boot.test.context.filter.ExcludeFilterContextCustomizer@4570e533, org.springframework.boot.test.json.DuplicateJsonObjectContextCustomizerFactory$DuplicateJsonObjectContextCustomizer@26afc507, org.springframework.boot.test.mock.mockito.MockitoContextCustomizer@0, org.springframework.boot.test.web.client.TestRestTemplateContextCustomizer@5b3f7a4b], resourceBasePath = 'src/main/webapp', contextLoader = 'org.springframework.boot.test.context.SpringBootContextLoader', parent = [null]], attributes = map['org.springframework.test.context.web.ServletTestExecutionListener.activateListener' -> true]], class annotated with @DirtiesContext [false] with mode [null].
19:44:13.652 [Test worker] DEBUG org.springframework.test.annotation.ProfileValueUtils - Retrieved @ProfileValueSourceConfiguration [null] for test class [com.dota2.displayDota.DisplayDotaApplicationTests]
19:44:13.653 [Test worker] DEBUG org.springframework.test.annotation.ProfileValueUtils - Retrieved ProfileValueSource type [class org.springframework.test.annotation.SystemProfileValueSource] for class [com.dota2.displayDota.DisplayDotaApplicationTests]
19:44:13.674 [Test worker] DEBUG org.springframework.test.context.support.TestPropertySourceUtils - Adding inlined properties to environment: {spring.jmx.enabled=false, org.springframework.boot.test.context.SpringBootTestContextBootstrapper=true, server.port=-1}

  .   ____          _            __ _ _
 /\\ / ___'_ __ _ _(_)_ __  __ _ \ \ \ \
( ( )\___ | '_ | '_| | '_ \/ _` | \ \ \ \
 \\/  ___)| |_)| | | | | || (_| |  ) ) ) )
  '  |____| .__|_| |_|_| |_\__, | / / / /
 =========|_|==============|___/=/_/_/_/
 :: Spring Boot ::        (v2.1.6.RELEASE)

2019-07-24 19:44:13.937  INFO 2772 --- [    Test worker] c.d.d.DisplayDotaApplicationTests        : Starting DisplayDotaApplicationTests on DESKTOP-ERO5K1V with PID 2772 (started by Micah Mogler in C:\Users\Micah Mogler\Desktop\Dev\displayDota)
2019-07-24 19:44:13.938  INFO 2772 --- [    Test worker] c.d.d.DisplayDotaApplicationTests        : No active profile set, falling back to default profiles: default
2019-07-24 19:44:15.349  INFO 2772 --- [    Test worker] o.s.s.concurrent.ThreadPoolTaskExecutor  : Initializing ExecutorService 'applicationTaskExecutor'
2019-07-24 19:44:15.681  INFO 2772 --- [    Test worker] c.d.d.DisplayDotaApplicationTests        : Started DisplayDotaApplicationTests in 1.997 seconds (JVM running for 3.089)
]]></system-out>
  <system-err><![CDATA[]]></system-err>
</testsuite>
